kotlin version: 2.0.21
error message: org.jetbrains.kotlin.backend.common.BackendException: Backend Internal error: Exception during IR lowering
File being compiled: C:/StatsComponents/app/src/main/java/com/achraf/statisticComponents/MainActivity.kt
The root cause java.lang.RuntimeException was thrown at: org.jetbrains.kotlin.backend.jvm.codegen.FunctionCodegen.generate(FunctionCodegen.kt:47)
	at org.jetbrains.kotlin.backend.common.CodegenUtil.reportBackendException(CodegenUtil.kt:253)
	at org.jetbrains.kotlin.backend.common.CodegenUtil.reportBackendException$default(CodegenUtil.kt:236)
	at org.jetbrains.kotlin.backend.common.phaser.PerformByIrFilePhase.invokeSequential(performByIrFile.kt:65)
	at org.jetbrains.kotlin.backend.common.phaser.PerformByIrFilePhase.invoke(performByIrFile.kt:52)
	at org.jetbrains.kotlin.backend.common.phaser.PerformByIrFilePhase.invoke(performByIrFile.kt:38)
	at org.jetbrains.kotlin.backend.common.phaser.NamedCompilerPhase.phaseBody(CompilerPhase.kt:166)
	at org.jetbrains.kotlin.backend.common.phaser.AbstractNamedCompilerPhase.invoke(CompilerPhase.kt:113)
	at org.jetbrains.kotlin.backend.common.phaser.CompositePhase.invoke(PhaseBuilders.kt:27)
	at org.jetbrains.kotlin.backend.common.phaser.CompositePhase.invoke(PhaseBuilders.kt:14)
	at org.jetbrains.kotlin.backend.common.phaser.NamedCompilerPhase.phaseBody(CompilerPhase.kt:166)
	at org.jetbrains.kotlin.backend.common.phaser.AbstractNamedCompilerPhase.invoke(CompilerPhase.kt:113)
	at org.jetbrains.kotlin.backend.common.phaser.CompilerPhaseKt.invokeToplevel(CompilerPhase.kt:62)
	at org.jetbrains.kotlin.backend.jvm.JvmIrCodegenFactory.invokeCodegen(JvmIrCodegenFactory.kt:371)
	at org.jetbrains.kotlin.codegen.CodegenFactory.generateModule(CodegenFactory.kt:47)
	at org.jetbrains.kotlin.backend.jvm.JvmIrCodegenFactory.generateModuleInFrontendIRMode(JvmIrCodegenFactory.kt:433)
	at org.jetbrains.kotlin.cli.jvm.compiler.pipeline.JvmCompilerPipelineKt.generateCodeFromIr(jvmCompilerPipeline.kt:246)
	at org.jetbrains.kotlin.cli.jvm.compiler.pipeline.JvmCompilerPipelineKt.compileModulesUsingFrontendIrAndLightTree(jvmCompilerPipeline.kt:142)
	at org.jetbrains.kotlin.cli.jvm.K2JVMCompiler.doExecute(K2JVMCompiler.kt:148)
	at org.jetbrains.kotlin.cli.jvm.K2JVMCompiler.doExecute(K2JVMCompiler.kt:43)
	at org.jetbrains.kotlin.cli.common.CLICompiler.execImpl(CLICompiler.kt:103)
	at org.jetbrains.kotlin.cli.common.CLICompiler.execImpl(CLICompiler.kt:49)
	at org.jetbrains.kotlin.cli.common.CLITool.exec(CLITool.kt:101)
	at org.jetbrains.kotlin.incremental.IncrementalJvmCompilerRunner.runCompiler(IncrementalJvmCompilerRunner.kt:464)
	at org.jetbrains.kotlin.incremental.IncrementalJvmCompilerRunner.runCompiler(IncrementalJvmCompilerRunner.kt:73)
	at org.jetbrains.kotlin.incremental.IncrementalCompilerRunner.doCompile(IncrementalCompilerRunner.kt:506)
	at org.jetbrains.kotlin.incremental.IncrementalCompilerRunner.compileImpl(IncrementalCompilerRunner.kt:423)
	at org.jetbrains.kotlin.incremental.IncrementalCompilerRunner.tryCompileIncrementally$lambda$9$compile(IncrementalCompilerRunner.kt:249)
	at org.jetbrains.kotlin.incremental.IncrementalCompilerRunner.tryCompileIncrementally(IncrementalCompilerRunner.kt:267)
	at org.jetbrains.kotlin.incremental.IncrementalCompilerRunner.compile(IncrementalCompilerRunner.kt:120)
	at org.jetbrains.kotlin.daemon.CompileServiceImplBase.execIncrementalCompiler(CompileServiceImpl.kt:675)
	at org.jetbrains.kotlin.daemon.CompileServiceImplBase.access$execIncrementalCompiler(CompileServiceImpl.kt:92)
	at org.jetbrains.kotlin.daemon.CompileServiceImpl.compile(CompileServiceImpl.kt:1660)
	at java.base/jdk.internal.reflect.DirectMethodHandleAccessor.invoke(Unknown Source)
	at java.base/java.lang.reflect.Method.invoke(Unknown Source)
	at java.rmi/sun.rmi.server.UnicastServerRef.dispatch(Unknown Source)
	at java.rmi/sun.rmi.transport.Transport$1.run(Unknown Source)
	at java.rmi/sun.rmi.transport.Transport$1.run(Unknown Source)
	at java.base/java.security.AccessController.doPrivileged(Unknown Source)
	at java.rmi/sun.rmi.transport.Transport.serviceCall(Unknown Source)
	at java.rmi/sun.rmi.transport.tcp.TCPTransport.handleMessages(Unknown Source)
	at java.rmi/sun.rmi.transport.tcp.TCPTransport$ConnectionHandler.run0(Unknown Source)
	at java.rmi/sun.rmi.transport.tcp.TCPTransport$ConnectionHandler.lambda$run$0(Unknown Source)
	at java.base/java.security.AccessController.doPrivileged(Unknown Source)
	at java.rmi/sun.rmi.transport.tcp.TCPTransport$ConnectionHandler.run(Unknown Source)
	at java.base/java.util.concurrent.ThreadPoolExecutor.runWorker(Unknown Source)
	at java.base/java.util.concurrent.ThreadPoolExecutor$Worker.run(Unknown Source)
	at java.base/java.lang.Thread.run(Unknown Source)
Caused by: java.lang.RuntimeException: Exception while generating code for:
FUN name:drawPercentageLabel-jzz79k0 visibility:private modality:FINAL <> ($receiver:androidx.compose.ui.graphics.drawscope.DrawScope, sliceState:com.achraf.statisticComponents.PieSliceState, totalValue:kotlin.Int, currentStartAngle:kotlin.Float, angleToDraw:kotlin.Float, circleCenter:androidx.compose.ui.geometry.Offset, config:com.achraf.statisticComponents.PieChartConfig) returnType:kotlin.Unit
  $receiver: VALUE_PARAMETER name:$this$drawPercentageLabel type:androidx.compose.ui.graphics.drawscope.DrawScope
  VALUE_PARAMETER name:sliceState index:0 type:com.achraf.statisticComponents.PieSliceState
  VALUE_PARAMETER name:totalValue index:1 type:kotlin.Int
  VALUE_PARAMETER name:currentStartAngle index:2 type:kotlin.Float
  VALUE_PARAMETER name:angleToDraw index:3 type:kotlin.Float
  VALUE_PARAMETER name:circleCenter index:4 type:androidx.compose.ui.geometry.Offset
  VALUE_PARAMETER name:config index:5 type:com.achraf.statisticComponents.PieChartConfig
  BLOCK_BODY
    VAR name:percentage type:kotlin.Int [val]
      CALL 'public open fun toInt (): kotlin.Int declared in kotlin.Float' type=kotlin.Int origin=null
        $this: CALL 'public final fun times (other: kotlin.Int): kotlin.Float [operator] declared in kotlin.Float' type=kotlin.Float origin=MUL
          $this: CALL 'public final fun div (other: kotlin.Float): kotlin.Float [operator] declared in kotlin.Int' type=kotlin.Float origin=DIV
            $this: CALL 'public final fun <get-value> (): kotlin.Int declared in com.achraf.statisticComponents.PieChartData' type=kotlin.Int origin=GET_PROPERTY
              $this: CALL 'public final fun <get-data> (): com.achraf.statisticComponents.PieChartData declared in com.achraf.statisticComponents.PieSliceState' type=com.achraf.statisticComponents.PieChartData origin=GET_PROPERTY
                $this: GET_VAR 'sliceState: com.achraf.statisticComponents.PieSliceState declared in com.achraf.statisticComponents.MainActivityKt.drawPercentageLabel-jzz79k0' type=com.achraf.statisticComponents.PieSliceState origin=null
            other: CALL 'public open fun toFloat (): kotlin.Float declared in kotlin.Int' type=kotlin.Float origin=null
              $this: GET_VAR 'totalValue: kotlin.Int declared in com.achraf.statisticComponents.MainActivityKt.drawPercentageLabel-jzz79k0' type=kotlin.Int origin=null
          other: CONST Int type=kotlin.Int value=100
    WHEN type=kotlin.Unit origin=IF
      BRANCH
        if: CALL 'public final fun lessOrEqual (arg0: kotlin.Int, arg1: kotlin.Int): kotlin.Boolean declared in kotlin.internal.ir' type=kotlin.Boolean origin=LTEQ
          arg0: GET_VAR 'val percentage: kotlin.Int [val] declared in com.achraf.statisticComponents.MainActivityKt.drawPercentageLabel-jzz79k0' type=kotlin.Int origin=null
          arg1: CONST Int type=kotlin.Int value=3
        then: RETURN type=kotlin.Nothing from='private final fun drawPercentageLabel-jzz79k0 (sliceState: com.achraf.statisticComponents.PieSliceState, totalValue: kotlin.Int, currentStartAngle: kotlin.Float, angleToDraw: kotlin.Float, circleCenter: androidx.compose.ui.geometry.Offset, config: com.achraf.statisticComponents.PieChartConfig): kotlin.Unit declared in com.achraf.statisticComponents.MainActivityKt'
          GET_FIELD 'FIELD FIELD_FOR_OBJECT_INSTANCE name:INSTANCE type:kotlin.Unit visibility:public [final,static] declared in kotlin.Unit' type=kotlin.Unit origin=null
    COMPOSITE type=kotlin.Unit origin=null
      VAR name:rotateAngle type:kotlin.jvm.internal.Ref.FloatRef [val]
        CONSTRUCTOR_CALL 'public constructor <init> () declared in kotlin.jvm.internal.Ref.FloatRef' type=kotlin.jvm.internal.Ref.FloatRef origin=null
      SET_FIELD 'FIELD IR_BUILTINS_STUB name:element type:kotlin.Float visibility:public declared in kotlin.jvm.internal.Ref.FloatRef' type=kotlin.Unit origin=null
        receiver: GET_VAR 'val rotateAngle: kotlin.jvm.internal.Ref.FloatRef [val] declared in com.achraf.statisticComponents.MainActivityKt.drawPercentageLabel-jzz79k0' type=kotlin.jvm.internal.Ref.FloatRef origin=null
        value: CALL 'public final fun minus (other: kotlin.Float): kotlin.Float [operator] declared in kotlin.Float' type=kotlin.Float origin=MINUS
          $this: CALL 'public final fun minus (other: kotlin.Float): kotlin.Float [operator] declared in kotlin.Float' type=kotlin.Float origin=MINUS
            $this: GET_VAR 'currentStartAngle: kotlin.Float declared in com.achraf.statisticComponents.MainActivityKt.drawPercentageLabel-jzz79k0' type=kotlin.Float origin=null
            other: CALL 'public final fun div (other: kotlin.Float): kotlin.Float [operator] declared in kotlin.Float' type=kotlin.Float origin=DIV
              $this: GET_VAR 'angleToDraw: kotlin.Float declared in com.achraf.statisticComponents.MainActivityKt.drawPercentageLabel-jzz79k0' type=kotlin.Float origin=null
              other: CONST Float type=kotlin.Float value=2.0
          other: CONST Float type=kotlin.Float value=90.0
    COMPOSITE type=kotlin.Unit origin=null
      VAR name:factor type:kotlin.jvm.internal.Ref.FloatRef [val]
        CONSTRUCTOR_CALL 'public constructor <init> () declared in kotlin.jvm.internal.Ref.FloatRef' type=kotlin.jvm.internal.Ref.FloatRef origin=null
      SET_FIELD 'FIELD IR_BUILTINS_STUB name:element type:kotlin.Float visibility:public declared in kotlin.jvm.internal.Ref.FloatRef' type=kotlin.Unit origin=null
        receiver: GET_VAR 'val factor: kotlin.jvm.internal.Ref.FloatRef [val] declared in com.achraf.statisticComponents.MainActivityKt.drawPercentageLabel-jzz79k0' type=kotlin.jvm.internal.Ref.FloatRef origin=null
        value: CONST Float type=kotlin.Float value=1.0
    WHEN type=kotlin.Unit origin=IF
      BRANCH
        if: CALL 'public final fun greater (arg0: kotlin.Float, arg1: kotlin.Float): kotlin.Boolean declared in kotlin.internal.ir' type=kotlin.Boolean origin=GT
          arg0: GET_FIELD 'FIELD IR_BUILTINS_STUB name:element type:kotlin.Float visibility:public declared in kotlin.jvm.internal.Ref.FloatRef' type=kotlin.Float origin=null
            receiver: GET_VAR 'val rotateAngle: kotlin.jvm.internal.Ref.FloatRef [val] declared in com.achraf.statisticComponents.MainActivityKt.drawPercentageLabel-jzz79k0' type=kotlin.jvm.internal.Ref.FloatRef origin=null
          arg1: CONST Float type=kotlin.Float value=90.0
        then: BLOCK type=kotlin.Unit origin=null
          SET_FIELD 'FIELD IR_BUILTINS_STUB name:element type:kotlin.Float visibility:public declared in kotlin.jvm.internal.Ref.FloatRef' type=kotlin.Unit origin=EQ
            receiver: GET_VAR 'val rotateAngle: kotlin.jvm.internal.Ref.FloatRef [val] declared in com.achraf.statisticComponents.MainActivityKt.drawPercentageLabel-jzz79k0' type=kotlin.jvm.internal.Ref.FloatRef origin=null
            value: CALL 'public final fun mod (other: kotlin.Float): kotlin.Float [inline] declared in kotlin.NumbersKt' type=kotlin.Float origin=null
              $receiver: CALL 'public final fun plus (other: kotlin.Int): kotlin.Float [operator] declared in kotlin.Float' type=kotlin.Float origin=PLUS
                $this: GET_FIELD 'FIELD IR_BUILTINS_STUB name:element type:kotlin.Float visibility:public declared in kotlin.jvm.internal.Ref.FloatRef' type=kotlin.Float origin=null
                  receiver: GET_VAR 'val rotateAngle: kotlin.jvm.internal.Ref.FloatRef [val] declared in com.achraf.statisticComponents.MainActivityKt.drawPercentageLabel-jzz79k0' type=kotlin.jvm.internal.Ref.FloatRef origin=null
                other: CONST Int type=kotlin.Int value=180
              other: CONST Float type=kotlin.Float value=360.0
          SET_FIELD 'FIELD IR_BUILTINS_STUB name:element type:kotlin.Float visibility:public declared in kotlin.jvm.internal.Ref.FloatRef' type=kotlin.Unit origin=EQ
            receiver: GET_VAR 'val factor: kotlin.jvm.internal.Ref.FloatRef [val] declared in com.achraf.statisticComponents.MainActivityKt.drawPercentageLabel-jzz79k0' type=kotlin.jvm.internal.Ref.FloatRef origin=null
            value: CONST Float type=kotlin.Float value=-0.92
    COMPOSITE type=kotlin.Unit origin=null
      CALL 'public final fun apply <T> (block: @[ExtensionFunctionType] kotlin.Function1<T of kotlin.StandardKt.apply, kotlin.Unit>): T of kotlin.StandardKt.apply [inline] declared in kotlin.StandardKt' type=android.graphics.Canvas origin=null
        <T>: android.graphics.Canvas
        $receiver: CALL 'public final fun <get-nativeCanvas> (): android.graphics.Canvas declared in androidx.compose.ui.graphics.AndroidCanvas_androidKt' type=android.graphics.Canvas origin=GET_PROPERTY
          $receiver: CALL 'public open fun <get-canvas> (): androidx.compose.ui.graphics.Canvas declared in androidx.compose.ui.graphics.drawscope.DrawContext' type=androidx.compose.ui.graphics.Canvas origin=GET_PROPERTY
            $this: CALL 'public abstract fun <get-drawContext> (): androidx.compose.ui.graphics.drawscope.DrawContext declared in androidx.compose.ui.graphics.drawscope.DrawScope' type=androidx.compose.ui.graphics.drawscope.DrawContext origin=GET_PROPERTY
              $this: GET_VAR '$this$drawPercentageLabel: androidx.compose.ui.graphics.drawscope.DrawScope declared in com.achraf.statisticComponents.MainActivityKt.drawPercentageLabel-jzz79k0' type=androidx.compose.ui.graphics.drawscope.DrawScope origin=null
        block: BLOCK type=@[ExtensionFunctionType] kotlin.Function1<android.graphics.Canvas, kotlin.Unit> origin=LAMBDA
          COMPOSITE type=kotlin.Unit origin=null
          FUNCTION_REFERENCE 'private final fun drawPercentageLabel_jzz79k0$lambda$33 ($this_drawPercentageLabel: androidx.compose.ui.graphics.drawscope.DrawScope, $rotateAngle: kotlin.jvm.internal.Ref.FloatRef, $percentage: kotlin.Int, $circleCenter: androidx.compose.ui.geometry.Offset, $config: com.achraf.statisticComponents.PieChartConfig, $factor: kotlin.jvm.internal.Ref.FloatRef): kotlin.Unit declared in com.achraf.statisticComponents.MainActivityKt' type=@[ExtensionFunctionType] kotlin.Function1<android.graphics.Canvas, kotlin.Unit> origin=INLINE_LAMBDA reflectionTarget=null
            $this_drawPercentageLabel: GET_VAR '$this$drawPercentageLabel: androidx.compose.ui.graphics.drawscope.DrawScope declared in com.achraf.statisticComponents.MainActivityKt.drawPercentageLabel-jzz79k0' type=androidx.compose.ui.graphics.drawscope.DrawScope origin=null
            $rotateAngle: GET_VAR 'val rotateAngle: kotlin.jvm.internal.Ref.FloatRef [val] declared in com.achraf.statisticComponents.MainActivityKt.drawPercentageLabel-jzz79k0' type=kotlin.jvm.internal.Ref.FloatRef origin=null
            $percentage: GET_VAR 'val percentage: kotlin.Int [val] declared in com.achraf.statisticComponents.MainActivityKt.drawPercentageLabel-jzz79k0' type=kotlin.Int origin=null
            $circleCenter: GET_VAR 'circleCenter: androidx.compose.ui.geometry.Offset declared in com.achraf.statisticComponents.MainActivityKt.drawPercentageLabel-jzz79k0' type=androidx.compose.ui.geometry.Offset origin=null
            $config: GET_VAR 'config: com.achraf.statisticComponents.PieChartConfig declared in com.achraf.statisticComponents.MainActivityKt.drawPercentageLabel-jzz79k0' type=com.achraf.statisticComponents.PieChartConfig origin=null
            $factor: GET_VAR 'val factor: kotlin.jvm.internal.Ref.FloatRef [val] declared in com.achraf.statisticComponents.MainActivityKt.drawPercentageLabel-jzz79k0' type=kotlin.jvm.internal.Ref.FloatRef origin=null
      COMPOSITE type=kotlin.Unit origin=null

	at org.jetbrains.kotlin.backend.jvm.codegen.FunctionCodegen.generate(FunctionCodegen.kt:47)
	at org.jetbrains.kotlin.backend.jvm.codegen.FunctionCodegen.generate$default(FunctionCodegen.kt:40)
	at org.jetbrains.kotlin.backend.jvm.codegen.ClassCodegen.generateMethodNode(ClassCodegen.kt:406)
	at org.jetbrains.kotlin.backend.jvm.codegen.ClassCodegen.generateMethod(ClassCodegen.kt:423)
	at org.jetbrains.kotlin.backend.jvm.codegen.ClassCodegen.generate(ClassCodegen.kt:168)
	at org.jetbrains.kotlin.backend.jvm.FileCodegen.lower(JvmPhases.kt:39)
	at org.jetbrains.kotlin.backend.common.phaser.PhaseFactoriesKt.createFilePhase$lambda$4(PhaseFactories.kt:71)
	at org.jetbrains.kotlin.backend.common.phaser.PhaseBuildersKt$createSimpleNamedCompilerPhase$1.phaseBody(PhaseBuilders.kt:69)
	at org.jetbrains.kotlin.backend.common.phaser.SimpleNamedCompilerPhase.phaseBody(CompilerPhase.kt:226)
	at org.jetbrains.kotlin.backend.common.phaser.AbstractNamedCompilerPhase.invoke(CompilerPhase.kt:113)
	at org.jetbrains.kotlin.backend.common.phaser.PerformByIrFilePhase.invokeSequential(performByIrFile.kt:62)
	... 44 more
Caused by: java.lang.RuntimeException: Exception while generating code for:
FUN INLINE_LAMBDA name:drawPercentageLabel_jzz79k0$lambda$33 visibility:private modality:FINAL <> ($receiver:android.graphics.Canvas, $this_drawPercentageLabel:androidx.compose.ui.graphics.drawscope.DrawScope, $rotateAngle:kotlin.jvm.internal.Ref.FloatRef, $percentage:kotlin.Int, $circleCenter:androidx.compose.ui.geometry.Offset, $config:com.achraf.statisticComponents.PieChartConfig, $factor:kotlin.jvm.internal.Ref.FloatRef) returnType:kotlin.Unit
  $receiver: VALUE_PARAMETER name:$this$apply type:android.graphics.Canvas
  VALUE_PARAMETER BOUND_VALUE_PARAMETER name:$this_drawPercentageLabel index:0 type:androidx.compose.ui.graphics.drawscope.DrawScope
  VALUE_PARAMETER BOUND_VALUE_PARAMETER name:$rotateAngle index:1 type:kotlin.jvm.internal.Ref.FloatRef
  VALUE_PARAMETER BOUND_VALUE_PARAMETER name:$percentage index:2 type:kotlin.Int
  VALUE_PARAMETER BOUND_VALUE_PARAMETER name:$circleCenter index:3 type:androidx.compose.ui.geometry.Offset
  VALUE_PARAMETER BOUND_VALUE_PARAMETER name:$config index:4 type:com.achraf.statisticComponents.PieChartConfig
  VALUE_PARAMETER BOUND_VALUE_PARAMETER name:$factor index:5 type:kotlin.jvm.internal.Ref.FloatRef
  BLOCK_BODY
    VAR name:$i$a$-apply-MainActivityKt$drawPercentageLabel$1 type:kotlin.Int [val]
      CONST Int type=kotlin.Int value=0
    CALL 'public final fun rotate-Rg1IO4c$default (degrees: kotlin.Float, pivot: androidx.compose.ui.geometry.Offset, block: @[ExtensionFunctionType] kotlin.Function1<androidx.compose.ui.graphics.drawscope.DrawScope, kotlin.Unit>, $mask0: kotlin.Int, $handler: kotlin.Any?): kotlin.Unit [inline] declared in androidx.compose.ui.graphics.drawscope.DrawScopeKt' type=kotlin.Unit origin=DEFAULT_DISPATCH_CALL
      $receiver: GET_VAR '$this_drawPercentageLabel: androidx.compose.ui.graphics.drawscope.DrawScope declared in com.achraf.statisticComponents.MainActivityKt.drawPercentageLabel_jzz79k0$lambda$33' type=androidx.compose.ui.graphics.drawscope.DrawScope origin=null
      degrees: GET_FIELD 'FIELD IR_BUILTINS_STUB name:element type:kotlin.Float visibility:public declared in kotlin.jvm.internal.Ref.FloatRef' type=kotlin.Float origin=null
        receiver: GET_VAR '$rotateAngle: kotlin.jvm.internal.Ref.FloatRef declared in com.achraf.statisticComponents.MainActivityKt.drawPercentageLabel_jzz79k0$lambda$33' type=kotlin.jvm.internal.Ref.FloatRef origin=null
      pivot: COMPOSITE type=androidx.compose.ui.geometry.Offset origin=DEFAULT_VALUE
        CALL 'public final fun <unsafe-coerce> <T, R> (v: T of kotlin.jvm.internal.<unsafe-coerce>): R of kotlin.jvm.internal.<unsafe-coerce> declared in kotlin.jvm.internal' type=androidx.compose.ui.geometry.Offset origin=null
          <T>: kotlin.Long
          <R>: androidx.compose.ui.geometry.Offset
          v: CONST Long type=kotlin.Long value=0
      block: BLOCK type=@[ExtensionFunctionType] kotlin.Function1<androidx.compose.ui.graphics.drawscope.DrawScope, kotlin.Unit> origin=LAMBDA
        COMPOSITE type=kotlin.Unit origin=null
        FUNCTION_REFERENCE 'private final fun drawPercentageLabel_jzz79k0$lambda$33$lambda$32 ($this_apply: android.graphics.Canvas, $percentage: kotlin.Int, $circleCenter: androidx.compose.ui.geometry.Offset, $config: com.achraf.statisticComponents.PieChartConfig, $factor: kotlin.jvm.internal.Ref.FloatRef): kotlin.Unit declared in com.achraf.statisticComponents.MainActivityKt' type=@[ExtensionFunctionType] kotlin.Function1<androidx.compose.ui.graphics.drawscope.DrawScope, kotlin.Unit> origin=INLINE_LAMBDA reflectionTarget=null
          $this_apply: GET_VAR '$this$apply: android.graphics.Canvas declared in com.achraf.statisticComponents.MainActivityKt.drawPercentageLabel_jzz79k0$lambda$33' type=android.graphics.Canvas origin=null
          $percentage: GET_VAR '$percentage: kotlin.Int declared in com.achraf.statisticComponents.MainActivityKt.drawPercentageLabel_jzz79k0$lambda$33' type=kotlin.Int origin=null
          $circleCenter: GET_VAR '$circleCenter: androidx.compose.ui.geometry.Offset declared in com.achraf.statisticComponents.MainActivityKt.drawPercentageLabel_jzz79k0$lambda$33' type=androidx.compose.ui.geometry.Offset origin=null
          $config: GET_VAR '$config: com.achraf.statisticComponents.PieChartConfig declared in com.achraf.statisticComponents.MainActivityKt.drawPercentageLabel_jzz79k0$lambda$33' type=com.achraf.statisticComponents.PieChartConfig origin=null
          $factor: GET_VAR '$factor: kotlin.jvm.internal.Ref.FloatRef declared in com.achraf.statisticComponents.MainActivityKt.drawPercentageLabel_jzz79k0$lambda$33' type=kotlin.jvm.internal.Ref.FloatRef origin=null
      $mask0: CONST Int type=kotlin.Int value=2
      $handler: CONST Null type=kotlin.Any? value=null

	at org.jetbrains.kotlin.backend.jvm.codegen.FunctionCodegen.generate(FunctionCodegen.kt:47)
	at org.jetbrains.kotlin.backend.jvm.codegen.IrSourceCompilerForInline.generateLambdaBody(IrSourceCompilerForInline.kt:67)
	at org.jetbrains.kotlin.codegen.inline.ExpressionLambda.generateLambdaBody(LambdaInfo.kt:72)
	at org.jetbrains.kotlin.backend.jvm.codegen.IrInlineCodegen.genValueAndPut(IrInlineCodegen.kt:100)
	at org.jetbrains.kotlin.backend.jvm.codegen.ExpressionCodegen.visitCall$handleParameter(ExpressionCodegen.kt:616)
	at org.jetbrains.kotlin.backend.jvm.codegen.ExpressionCodegen.visitCall(ExpressionCodegen.kt:644)
	at org.jetbrains.kotlin.backend.jvm.codegen.ExpressionCodegen.visitCall(ExpressionCodegen.kt:138)
	at org.jetbrains.kotlin.ir.expressions.IrCall.accept(IrCall.kt:24)
	at org.jetbrains.kotlin.backend.jvm.codegen.ExpressionCodegen.visitStatementContainer(ExpressionCodegen.kt:579)
	at org.jetbrains.kotlin.backend.jvm.codegen.ExpressionCodegen.visitContainerExpression(ExpressionCodegen.kt:593)
	at org.jetbrains.kotlin.backend.jvm.codegen.ExpressionCodegen.visitContainerExpression(ExpressionCodegen.kt:138)
	at org.jetbrains.kotlin.ir.visitors.IrElementVisitor$DefaultImpls.visitComposite(IrElementVisitor.kt:125)
	at org.jetbrains.kotlin.backend.jvm.codegen.ExpressionCodegen.visitComposite(ExpressionCodegen.kt:138)
	at org.jetbrains.kotlin.backend.jvm.codegen.ExpressionCodegen.visitComposite(ExpressionCodegen.kt:138)
	at org.jetbrains.kotlin.ir.expressions.IrComposite.accept(IrComposite.kt:18)
	at org.jetbrains.kotlin.backend.jvm.codegen.ExpressionCodegen.visitStatementContainer(ExpressionCodegen.kt:579)
	at org.jetbrains.kotlin.backend.jvm.codegen.ExpressionCodegen.visitBlockBody(ExpressionCodegen.kt:584)
	at org.jetbrains.kotlin.backend.jvm.codegen.ExpressionCodegen.visitBlockBody(ExpressionCodegen.kt:138)
	at org.jetbrains.kotlin.ir.expressions.IrBlockBody.accept(IrBlockBody.kt:20)
	at org.jetbrains.kotlin.backend.jvm.codegen.ExpressionCodegen.generate(ExpressionCodegen.kt:240)
	at org.jetbrains.kotlin.backend.jvm.codegen.FunctionCodegen.doGenerate(FunctionCodegen.kt:123)
	at org.jetbrains.kotlin.backend.jvm.codegen.FunctionCodegen.generate(FunctionCodegen.kt:44)
	... 54 more
Caused by: java.lang.RuntimeException: Exception while generating code for:
FUN INLINE_LAMBDA name:drawPercentageLabel_jzz79k0$lambda$33$lambda$32 visibility:private modality:FINAL <> ($receiver:androidx.compose.ui.graphics.drawscope.DrawScope, $this_apply:android.graphics.Canvas, $percentage:kotlin.Int, $circleCenter:androidx.compose.ui.geometry.Offset, $config:com.achraf.statisticComponents.PieChartConfig, $factor:kotlin.jvm.internal.Ref.FloatRef) returnType:kotlin.Unit
  $receiver: VALUE_PARAMETER name:$this$rotate type:androidx.compose.ui.graphics.drawscope.DrawScope
  VALUE_PARAMETER BOUND_VALUE_PARAMETER name:$this_apply index:0 type:android.graphics.Canvas
  VALUE_PARAMETER BOUND_VALUE_PARAMETER name:$percentage index:1 type:kotlin.Int
  VALUE_PARAMETER BOUND_VALUE_PARAMETER name:$circleCenter index:2 type:androidx.compose.ui.geometry.Offset
  VALUE_PARAMETER BOUND_VALUE_PARAMETER name:$config index:3 type:com.achraf.statisticComponents.PieChartConfig
  VALUE_PARAMETER BOUND_VALUE_PARAMETER name:$factor index:4 type:kotlin.jvm.internal.Ref.FloatRef
  BLOCK_BODY
    VAR name:$i$a$-rotate-Rg1IO4c$default-MainActivityKt$drawPercentageLabel$1$1 type:kotlin.Int [val]
      CONST Int type=kotlin.Int value=0
    CALL 'public open fun drawText (p0: @[EnhancedNullability] kotlin.String, p1: kotlin.Float, p2: kotlin.Float, p3: @[EnhancedNullability] android.graphics.Paint): kotlin.Unit declared in android.graphics.Canvas' type=kotlin.Unit origin=null
      $this: GET_VAR '$this_apply: android.graphics.Canvas declared in com.achraf.statisticComponents.MainActivityKt.drawPercentageLabel_jzz79k0$lambda$33$lambda$32' type=android.graphics.Canvas origin=null
      p0: STRING_CONCATENATION type=kotlin.String
        GET_VAR '$percentage: kotlin.Int declared in com.achraf.statisticComponents.MainActivityKt.drawPercentageLabel_jzz79k0$lambda$33$lambda$32' type=kotlin.Int origin=null
        CONST String type=kotlin.String value="%"
      p1: CALL 'public final fun getX-impl (arg0: androidx.compose.ui.geometry.Offset): kotlin.Float [inline] declared in androidx.compose.ui.geometry.Offset' type=kotlin.Float origin=GET_PROPERTY
        arg0: GET_VAR '$circleCenter: androidx.compose.ui.geometry.Offset declared in com.achraf.statisticComponents.MainActivityKt.drawPercentageLabel_jzz79k0$lambda$33$lambda$32' type=androidx.compose.ui.geometry.Offset origin=null
      p2: CALL 'public final fun plus (other: kotlin.Float): kotlin.Float [operator] declared in kotlin.Float' type=kotlin.Float origin=PLUS
        $this: CALL 'public final fun getY-impl (arg0: androidx.compose.ui.geometry.Offset): kotlin.Float [inline] declared in androidx.compose.ui.geometry.Offset' type=kotlin.Float origin=GET_PROPERTY
          arg0: GET_VAR '$circleCenter: androidx.compose.ui.geometry.Offset declared in com.achraf.statisticComponents.MainActivityKt.drawPercentageLabel_jzz79k0$lambda$33$lambda$32' type=androidx.compose.ui.geometry.Offset origin=null
        other: CALL 'public final fun times (other: kotlin.Float): kotlin.Float [operator] declared in kotlin.Float' type=kotlin.Float origin=MUL
          $this: CALL 'public final fun minus (other: kotlin.Float): kotlin.Float [operator] declared in kotlin.Float' type=kotlin.Float origin=MINUS
            $this: CALL 'public final fun <get-radius> (): kotlin.Float declared in com.achraf.statisticComponents.PieChartConfig' type=kotlin.Float origin=GET_PROPERTY
              $this: GET_VAR '$config: com.achraf.statisticComponents.PieChartConfig declared in com.achraf.statisticComponents.MainActivityKt.drawPercentageLabel_jzz79k0$lambda$33$lambda$32' type=com.achraf.statisticComponents.PieChartConfig origin=null
            other: CALL 'public final fun div (other: kotlin.Float): kotlin.Float [operator] declared in kotlin.Float' type=kotlin.Float origin=DIV
              $this: CALL 'public final fun minus (other: kotlin.Float): kotlin.Float [operator] declared in kotlin.Float' type=kotlin.Float origin=MINUS
                $this: CALL 'public final fun <get-radius> (): kotlin.Float declared in com.achraf.statisticComponents.PieChartConfig' type=kotlin.Float origin=GET_PROPERTY
                  $this: GET_VAR '$config: com.achraf.statisticComponents.PieChartConfig declared in com.achraf.statisticComponents.MainActivityKt.drawPercentageLabel_jzz79k0$lambda$33$lambda$32' type=com.achraf.statisticComponents.PieChartConfig origin=null
                other: CALL 'public final fun <get-innerRadius> (): kotlin.Float declared in com.achraf.statisticComponents.PieChartConfig' type=kotlin.Float origin=GET_PROPERTY
                  $this: GET_VAR '$config: com.achraf.statisticComponents.PieChartConfig declared in com.achraf.statisticComponents.MainActivityKt.drawPercentageLabel_jzz79k0$lambda$33$lambda$32' type=com.achraf.statisticComponents.PieChartConfig origin=null
              other: CONST Float type=kotlin.Float value=2.0
          other: GET_FIELD 'FIELD IR_BUILTINS_STUB name:element type:kotlin.Float visibility:public declared in kotlin.jvm.internal.Ref.FloatRef' type=kotlin.Float origin=null
            receiver: GET_VAR '$factor: kotlin.jvm.internal.Ref.FloatRef declared in com.achraf.statisticComponents.MainActivityKt.drawPercentageLabel_jzz79k0$lambda$33$lambda$32' type=kotlin.jvm.internal.Ref.FloatRef origin=null
      p3: CALL 'public abstract fun asFrameworkPaint (): android.graphics.Paint declared in androidx.compose.ui.graphics.Paint' type=android.graphics.Paint origin=null
        $this: CALL 'public final fun apply <T> (block: @[ExtensionFunctionType] kotlin.Function1<T of kotlin.StandardKt.apply, kotlin.Unit>): T of kotlin.StandardKt.apply [inline] declared in kotlin.StandardKt' type=androidx.compose.ui.graphics.Paint origin=null
          <T>: androidx.compose.ui.graphics.Paint
          $receiver: CALL 'public final fun Paint (): androidx.compose.ui.graphics.Paint declared in androidx.compose.ui.graphics.AndroidPaint_androidKt' type=androidx.compose.ui.graphics.Paint origin=null
          block: BLOCK type=@[ExtensionFunctionType] kotlin.Function1<androidx.compose.ui.graphics.Paint, kotlin.Unit> origin=LAMBDA
            COMPOSITE type=kotlin.Unit origin=null
            FUNCTION_REFERENCE 'private final fun drawPercentageLabel_jzz79k0$lambda$33$lambda$32$lambda$31 ($this_rotate: androidx.compose.ui.graphics.drawscope.DrawScope, $config: com.achraf.statisticComponents.PieChartConfig): kotlin.Unit declared in com.achraf.statisticComponents.MainActivityKt' type=@[ExtensionFunctionType] kotlin.Function1<androidx.compose.ui.graphics.Paint, kotlin.Unit> origin=INLINE_LAMBDA reflectionTarget=null
              $this_rotate: GET_VAR '$this$rotate: androidx.compose.ui.graphics.drawscope.DrawScope declared in com.achraf.statisticComponents.MainActivityKt.drawPercentageLabel_jzz79k0$lambda$33$lambda$32' type=androidx.compose.ui.graphics.drawscope.DrawScope origin=null
              $config: GET_VAR '$config: com.achraf.statisticComponents.PieChartConfig declared in com.achraf.statisticComponents.MainActivityKt.drawPercentageLabel_jzz79k0$lambda$33$lambda$32' type=com.achraf.statisticComponents.PieChartConfig origin=null

	at org.jetbrains.kotlin.backend.jvm.codegen.FunctionCodegen.generate(FunctionCodegen.kt:47)
	at org.jetbrains.kotlin.backend.jvm.codegen.IrSourceCompilerForInline.generateLambdaBody(IrSourceCompilerForInline.kt:67)
	at org.jetbrains.kotlin.codegen.inline.ExpressionLambda.generateLambdaBody(LambdaInfo.kt:72)
	at org.jetbrains.kotlin.backend.jvm.codegen.IrInlineCodegen.genValueAndPut(IrInlineCodegen.kt:100)
	at org.jetbrains.kotlin.backend.jvm.codegen.ExpressionCodegen.visitCall$handleParameter(ExpressionCodegen.kt:616)
	at org.jetbrains.kotlin.backend.jvm.codegen.ExpressionCodegen.visitCall(ExpressionCodegen.kt:644)
	at org.jetbrains.kotlin.backend.jvm.codegen.ExpressionCodegen.visitCall(ExpressionCodegen.kt:138)
	at org.jetbrains.kotlin.ir.expressions.IrCall.accept(IrCall.kt:24)
	at org.jetbrains.kotlin.backend.jvm.codegen.ExpressionCodegen.visitStatementContainer(ExpressionCodegen.kt:579)
	at org.jetbrains.kotlin.backend.jvm.codegen.ExpressionCodegen.visitBlockBody(ExpressionCodegen.kt:584)
	at org.jetbrains.kotlin.backend.jvm.codegen.ExpressionCodegen.visitBlockBody(ExpressionCodegen.kt:138)
	at org.jetbrains.kotlin.ir.expressions.IrBlockBody.accept(IrBlockBody.kt:20)
	at org.jetbrains.kotlin.backend.jvm.codegen.ExpressionCodegen.generate(ExpressionCodegen.kt:240)
	at org.jetbrains.kotlin.backend.jvm.codegen.FunctionCodegen.doGenerate(FunctionCodegen.kt:123)
	at org.jetbrains.kotlin.backend.jvm.codegen.FunctionCodegen.generate(FunctionCodegen.kt:44)
	... 75 more
Caused by: java.lang.RuntimeException: Exception while generating code for:
FUN INLINE_LAMBDA name:drawPercentageLabel_jzz79k0$lambda$33$lambda$32$lambda$31 visibility:private modality:FINAL <> ($receiver:androidx.compose.ui.graphics.Paint, $this_rotate:androidx.compose.ui.graphics.drawscope.DrawScope, $config:com.achraf.statisticComponents.PieChartConfig) returnType:kotlin.Unit
  $receiver: VALUE_PARAMETER name:$this$apply type:androidx.compose.ui.graphics.Paint
  VALUE_PARAMETER BOUND_VALUE_PARAMETER name:$this_rotate index:0 type:androidx.compose.ui.graphics.drawscope.DrawScope
  VALUE_PARAMETER BOUND_VALUE_PARAMETER name:$config index:1 type:com.achraf.statisticComponents.PieChartConfig
  BLOCK_BODY
    VAR name:$i$a$-apply-MainActivityKt$drawPercentageLabel$1$1$1 type:kotlin.Int [val]
      CONST Int type=kotlin.Int value=0
    SET_FIELD 'FIELD IR_EXTERNAL_JAVA_DECLARATION_STUB name:textSize type:kotlin.Int visibility:public [final,static] declared in android.R.attr' type=kotlin.Unit superQualifierSymbol=android.R.attr origin=EQ
      value: CALL 'public open fun toInt (): kotlin.Int declared in kotlin.Float' type=kotlin.Int origin=null
        $this: CALL 'public open fun toPx--R2X_6o (): kotlin.Float [fake_override] declared in androidx.compose.ui.graphics.drawscope.DrawScope' type=kotlin.Float origin=null
          $this: GET_VAR '$this_rotate: androidx.compose.ui.graphics.drawscope.DrawScope declared in com.achraf.statisticComponents.MainActivityKt.drawPercentageLabel_jzz79k0$lambda$33$lambda$32$lambda$31' type=androidx.compose.ui.graphics.drawscope.DrawScope origin=null
          $receiver: CALL 'public final fun <get-sp> (): androidx.compose.ui.unit.TextUnit declared in androidx.compose.ui.unit.TextUnitKt' type=androidx.compose.ui.unit.TextUnit origin=GET_PROPERTY
            $receiver: CALL 'public final fun <get-labelTextSize> (): kotlin.Float declared in com.achraf.statisticComponents.PieChartConfig' type=kotlin.Float origin=GET_PROPERTY
              $this: GET_VAR '$config: com.achraf.statisticComponents.PieChartConfig declared in com.achraf.statisticComponents.MainActivityKt.drawPercentageLabel_jzz79k0$lambda$33$lambda$32$lambda$31' type=com.achraf.statisticComponents.PieChartConfig origin=null
    CALL 'public abstract fun setColor-8_81llA (value: androidx.compose.ui.graphics.Color): kotlin.Unit declared in androidx.compose.ui.graphics.Paint' type=kotlin.Unit origin=EQ
      $this: GET_VAR '$this$apply: androidx.compose.ui.graphics.Paint declared in com.achraf.statisticComponents.MainActivityKt.drawPercentageLabel_jzz79k0$lambda$33$lambda$32$lambda$31' type=androidx.compose.ui.graphics.Paint origin=null
      value: CALL 'public final fun getWhite-0d7_KjU (): androidx.compose.ui.graphics.Color declared in androidx.compose.ui.graphics.Color.Companion' type=androidx.compose.ui.graphics.Color origin=GET_PROPERTY
        $this: GET_FIELD 'FIELD FIELD_FOR_OBJECT_INSTANCE name:Companion type:androidx.compose.ui.graphics.Color.Companion visibility:public [final,static] declared in androidx.compose.ui.graphics.Color' type=androidx.compose.ui.graphics.Color.Companion origin=null

	at org.jetbrains.kotlin.backend.jvm.codegen.FunctionCodegen.generate(FunctionCodegen.kt:47)
	at org.jetbrains.kotlin.backend.jvm.codegen.IrSourceCompilerForInline.generateLambdaBody(IrSourceCompilerForInline.kt:67)
	at org.jetbrains.kotlin.codegen.inline.ExpressionLambda.generateLambdaBody(LambdaInfo.kt:72)
	at org.jetbrains.kotlin.backend.jvm.codegen.IrInlineCodegen.genValueAndPut(IrInlineCodegen.kt:100)
	at org.jetbrains.kotlin.backend.jvm.codegen.ExpressionCodegen.visitCall$handleParameter(ExpressionCodegen.kt:616)
	at org.jetbrains.kotlin.backend.jvm.codegen.ExpressionCodegen.visitCall(ExpressionCodegen.kt:644)
	at org.jetbrains.kotlin.backend.jvm.codegen.ExpressionCodegen.visitCall(ExpressionCodegen.kt:138)
	at org.jetbrains.kotlin.ir.expressions.IrCall.accept(IrCall.kt:24)
	at org.jetbrains.kotlin.backend.jvm.codegen.ExpressionCodegen.gen(ExpressionCodegen.kt:217)
	at org.jetbrains.kotlin.backend.jvm.codegen.IrCallGenerator.genValueAndPut(IrCallGenerator.kt:48)
	at org.jetbrains.kotlin.backend.jvm.codegen.ExpressionCodegen.visitCall$handleParameter(ExpressionCodegen.kt:616)
	at org.jetbrains.kotlin.backend.jvm.codegen.ExpressionCodegen.visitCall(ExpressionCodegen.kt:625)
	at org.jetbrains.kotlin.backend.jvm.codegen.ExpressionCodegen.visitCall(ExpressionCodegen.kt:138)
	at org.jetbrains.kotlin.ir.expressions.IrCall.accept(IrCall.kt:24)
	at org.jetbrains.kotlin.backend.jvm.codegen.ExpressionCodegen.gen(ExpressionCodegen.kt:217)
	at org.jetbrains.kotlin.backend.jvm.codegen.IrCallGenerator.genValueAndPut(IrCallGenerator.kt:48)
	at org.jetbrains.kotlin.backend.jvm.codegen.ExpressionCodegen.visitCall$handleParameter(ExpressionCodegen.kt:616)
	at org.jetbrains.kotlin.backend.jvm.codegen.ExpressionCodegen.visitCall(ExpressionCodegen.kt:644)
	at org.jetbrains.kotlin.backend.jvm.codegen.ExpressionCodegen.visitCall(ExpressionCodegen.kt:138)
	at org.jetbrains.kotlin.ir.expressions.IrCall.accept(IrCall.kt:24)
	at org.jetbrains.kotlin.backend.jvm.codegen.ExpressionCodegen.visitStatementContainer(ExpressionCodegen.kt:579)
	at org.jetbrains.kotlin.backend.jvm.codegen.ExpressionCodegen.visitBlockBody(ExpressionCodegen.kt:584)
	at org.jetbrains.kotlin.backend.jvm.codegen.ExpressionCodegen.visitBlockBody(ExpressionCodegen.kt:138)
	at org.jetbrains.kotlin.ir.expressions.IrBlockBody.accept(IrBlockBody.kt:20)
	at org.jetbrains.kotlin.backend.jvm.codegen.ExpressionCodegen.generate(ExpressionCodegen.kt:240)
	at org.jetbrains.kotlin.backend.jvm.codegen.FunctionCodegen.doGenerate(FunctionCodegen.kt:123)
	at org.jetbrains.kotlin.backend.jvm.codegen.FunctionCodegen.generate(FunctionCodegen.kt:44)
	... 89 more
Caused by: java.lang.AssertionError: access of const val: SET_FIELD 'FIELD IR_EXTERNAL_JAVA_DECLARATION_STUB name:textSize type:kotlin.Int visibility:public [final,static] declared in android.R.attr' type=kotlin.Unit superQualifierSymbol=android.R.attr origin=EQ
  value: CALL 'public open fun toInt (): kotlin.Int declared in kotlin.Float' type=kotlin.Int origin=null
    $this: CALL 'public open fun toPx--R2X_6o (): kotlin.Float [fake_override] declared in androidx.compose.ui.graphics.drawscope.DrawScope' type=kotlin.Float origin=null
      $this: GET_VAR '$this_rotate: androidx.compose.ui.graphics.drawscope.DrawScope declared in com.achraf.statisticComponents.MainActivityKt.drawPercentageLabel_jzz79k0$lambda$33$lambda$32$lambda$31' type=androidx.compose.ui.graphics.drawscope.DrawScope origin=null
      $receiver: CALL 'public final fun <get-sp> (): androidx.compose.ui.unit.TextUnit declared in androidx.compose.ui.unit.TextUnitKt' type=androidx.compose.ui.unit.TextUnit origin=GET_PROPERTY
        $receiver: CALL 'public final fun <get-labelTextSize> (): kotlin.Float declared in com.achraf.statisticComponents.PieChartConfig' type=kotlin.Float origin=GET_PROPERTY
          $this: GET_VAR '$config: com.achraf.statisticComponents.PieChartConfig declared in com.achraf.statisticComponents.MainActivityKt.drawPercentageLabel_jzz79k0$lambda$33$lambda$32$lambda$31' type=com.achraf.statisticComponents.PieChartConfig origin=null

	at org.jetbrains.kotlin.backend.jvm.codegen.ExpressionCodegen.visitFieldAccess(ExpressionCodegen.kt:861)
	at org.jetbrains.kotlin.backend.jvm.codegen.ExpressionCodegen.visitFieldAccess(ExpressionCodegen.kt:138)
	at org.jetbrains.kotlin.ir.visitors.IrElementVisitor$DefaultImpls.visitSetField(IrElementVisitor.kt:206)
	at org.jetbrains.kotlin.backend.jvm.codegen.ExpressionCodegen.visitSetField(ExpressionCodegen.kt:908)
	at org.jetbrains.kotlin.backend.jvm.codegen.ExpressionCodegen.visitSetField(ExpressionCodegen.kt:138)
	at org.jetbrains.kotlin.ir.expressions.IrSetField.accept(IrSetField.kt:21)
	at org.jetbrains.kotlin.backend.jvm.codegen.ExpressionCodegen.visitStatementContainer(ExpressionCodegen.kt:579)
	at org.jetbrains.kotlin.backend.jvm.codegen.ExpressionCodegen.visitBlockBody(ExpressionCodegen.kt:584)
	at org.jetbrains.kotlin.backend.jvm.codegen.ExpressionCodegen.visitBlockBody(ExpressionCodegen.kt:138)
	at org.jetbrains.kotlin.ir.expressions.IrBlockBody.accept(IrBlockBody.kt:20)
	at org.jetbrains.kotlin.backend.jvm.codegen.ExpressionCodegen.generate(ExpressionCodegen.kt:240)
	at org.jetbrains.kotlin.backend.jvm.codegen.FunctionCodegen.doGenerate(FunctionCodegen.kt:123)
	at org.jetbrains.kotlin.backend.jvm.codegen.FunctionCodegen.generate(FunctionCodegen.kt:44)
	... 115 more


